#
# There is insufficient memory for the Java Runtime Environment to continue.
# Native memory allocation (malloc) failed to allocate 1548640 bytes. Error detail: Chunk::new
# Possible reasons:
#   The system is out of physical RAM or swap space
#   This process is running with CompressedOops enabled, and the Java Heap may be blocking the growth of the native heap
# Possible solutions:
#   Reduce memory load on the system
#   Increase physical memory or swap space
#   Check if swap backing store is full
#   Decrease Java heap size (-Xmx/-Xms)
#   Decrease number of Java threads
#   Decrease Java thread stack sizes (-Xss)
#   Set larger code cache with -XX:ReservedCodeCacheSize=
#   JVM is running with Unscaled Compressed Oops mode in which the Java heap is
#     placed in the first 4GB address space. The Java Heap base address is the
#     maximum limit for the native heap growth. Please use -XX:HeapBaseMinAddress
#     to set the Java Heap base and to place the Java Heap above 4GB virtual address.
# This output file may be truncated or incomplete.
#
#  Out of Memory Error (arena.cpp:168), pid=24264, tid=19980
#
# JRE version: OpenJDK Runtime Environment Temurin-21.0.5+11 (21.0.5+11) (build 21.0.5+11-LTS)
# Java VM: OpenJDK 64-Bit Server VM Temurin-21.0.5+11 (21.0.5+11-LTS, mixed mode, sharing, tiered, compressed oops, compressed class ptrs, parallel gc, windows-amd64)
# No core dump will be written. Minidumps are not enabled by default on client versions of Windows
#

---------------  S U M M A R Y ------------

Command Line: --add-modules=ALL-SYSTEM --add-opens=java.base/java.util=ALL-UNNAMED --add-opens=java.base/java.lang=ALL-UNNAMED --add-opens=java.base/sun.nio.fs=ALL-UNNAMED -Declipse.application=org.eclipse.jdt.ls.core.id1 -Dosgi.bundles.defaultStartLevel=4 -Declipse.product=org.eclipse.jdt.ls.core.product -Djava.import.generatesMetadataFilesAtProjectRoot=false -DDetectVMInstallationsJob.disabled=true -Dfile.encoding=utf8 -XX:+UseParallelGC -XX:GCTimeRatio=4 -XX:AdaptiveSizePolicyWeight=90 -Dsun.zip.disableMemoryMapping=true -Xmx1G -Xms100m -Xlog:disable -javaagent:c:\Users\ASUS\.vscode\extensions\redhat.java-1.39.0-win32-x64\lombok\lombok-1.18.34.jar c:\Users\ASUS\.vscode\extensions\redhat.java-1.39.0-win32-x64\server\plugins\org.eclipse.equinox.launcher_1.6.900.v20240613-2009.jar -configuration c:\Users\ASUS\AppData\Roaming\Code\User\globalStorage\redhat.java\1.39.0\config_ss_win -data c:\Users\ASUS\AppData\Roaming\Code\User\workspaceStorage\e145fc9c2b1e3264ddaf13c9f8be6208\redhat.java\ss_ws --pipe=\\.\pipe\lsp-e439c98872993ac584b6985c5f96754b-sock

Host: AMD Ryzen 3 3250U with Radeon Graphics         , 4 cores, 3G,  Windows 11 , 64 bit Build 22621 (10.0.22621.4391)
Time: Fri Jan 24 11:14:45 2025 SE Asia Standard Time elapsed time: 71.138267 seconds (0d 0h 1m 11s)

---------------  T H R E A D  ---------------

Current thread (0x0000027a4083bff0):  JavaThread "C2 CompilerThread0" daemon [_thread_in_native, id=19980, stack(0x000000fb06200000,0x000000fb06300000) (1024K)]


Current CompileTask:
C2:71139 7048       4       org.eclipse.jdt.internal.compiler.lookup.LookupEnvironment::getTypeFromTypeSignature (770 bytes)

Stack: [0x000000fb06200000,0x000000fb06300000]
Native frames: (J=compiled Java code, j=interpreted, Vv=VM code, C=native code)
V  [jvm.dll+0x6cd4e9]
V  [jvm.dll+0x8a7941]
V  [jvm.dll+0x8a9e6e]
V  [jvm.dll+0x8aa543]
V  [jvm.dll+0x27f6d6]
V  [jvm.dll+0xc500d]
V  [jvm.dll+0xc5543]
V  [jvm.dll+0x3b660c]
V  [jvm.dll+0x1dfdf3]
V  [jvm.dll+0x247b22]
V  [jvm.dll+0x246faf]
V  [jvm.dll+0x1c75ce]
V  [jvm.dll+0x25682a]
V  [jvm.dll+0x254dca]
V  [jvm.dll+0x3f00d6]
V  [jvm.dll+0x8514fb]
V  [jvm.dll+0x6cbbed]
C  [ucrtbase.dll+0x29333]
C  [KERNEL32.DLL+0x1259d]
C  [ntdll.dll+0x5af38]


---------------  P R O C E S S  ---------------

Threads class SMR info:
_java_thread_list=0x0000027a89323d30, length=31, elements={
0x0000027a2c3a2e40, 0x0000027a4082ffd0, 0x0000027a408317d0, 0x0000027a40835830,
0x0000027a40836740, 0x0000027a40837650, 0x0000027a4083b1c0, 0x0000027a4083bff0,
0x0000027a408ace40, 0x0000027a408ec630, 0x0000027a829d6d60, 0x0000027a8735faf0,
0x0000027a408a8590, 0x0000027a82a83190, 0x0000027a877eefd0, 0x0000027a8743fca0,
0x0000027a87442a90, 0x0000027a87440330, 0x0000027a87443120, 0x0000027a87441d70,
0x0000027a874409c0, 0x0000027a874416e0, 0x0000027a87617830, 0x0000027a8761c6f0,
0x0000027a8761b9d0, 0x0000027a8761a620, 0x0000027a8761acb0, 0x0000027a8761daa0,
0x0000027a8761b340, 0x0000027a8761c060, 0x0000027a87619270
}

Java Threads: ( => current thread )
  0x0000027a2c3a2e40 JavaThread "main"                              [_thread_blocked, id=16068, stack(0x000000fb05800000,0x000000fb05900000) (1024K)]
  0x0000027a4082ffd0 JavaThread "Reference Handler"          daemon [_thread_blocked, id=12564, stack(0x000000fb05c00000,0x000000fb05d00000) (1024K)]
  0x0000027a408317d0 JavaThread "Finalizer"                  daemon [_thread_blocked, id=5208, stack(0x000000fb05d00000,0x000000fb05e00000) (1024K)]
  0x0000027a40835830 JavaThread "Signal Dispatcher"          daemon [_thread_blocked, id=22056, stack(0x000000fb05e00000,0x000000fb05f00000) (1024K)]
  0x0000027a40836740 JavaThread "Attach Listener"            daemon [_thread_blocked, id=18308, stack(0x000000fb05f00000,0x000000fb06000000) (1024K)]
  0x0000027a40837650 JavaThread "Service Thread"             daemon [_thread_blocked, id=18328, stack(0x000000fb06000000,0x000000fb06100000) (1024K)]
  0x0000027a4083b1c0 JavaThread "Monitor Deflation Thread"   daemon [_thread_blocked, id=17024, stack(0x000000fb06100000,0x000000fb06200000) (1024K)]
=>0x0000027a4083bff0 JavaThread "C2 CompilerThread0"         daemon [_thread_in_native, id=19980, stack(0x000000fb06200000,0x000000fb06300000) (1024K)]
  0x0000027a408ace40 JavaThread "C1 CompilerThread0"         daemon [_thread_blocked, id=17620, stack(0x000000fb06300000,0x000000fb06400000) (1024K)]
  0x0000027a408ec630 JavaThread "Common-Cleaner"             daemon [_thread_blocked, id=24384, stack(0x000000fb06400000,0x000000fb06500000) (1024K)]
  0x0000027a829d6d60 JavaThread "Notification Thread"        daemon [_thread_blocked, id=11920, stack(0x000000fb06500000,0x000000fb06600000) (1024K)]
  0x0000027a8735faf0 JavaThread "Active Thread: Equinox Container: 10c63938-4444-4f8d-bdcb-cef32a648ebf"        [_thread_blocked, id=9368, stack(0x000000fb06d00000,0x000000fb06e00000) (1024K)]
  0x0000027a408a8590 JavaThread "Framework Event Dispatcher: Equinox Container: 10c63938-4444-4f8d-bdcb-cef32a648ebf" daemon [_thread_blocked, id=14392, stack(0x000000fb06e00000,0x000000fb06f00000) (1024K)]
  0x0000027a82a83190 JavaThread "Start Level: Equinox Container: 10c63938-4444-4f8d-bdcb-cef32a648ebf" daemon [_thread_blocked, id=11228, stack(0x000000fb06f00000,0x000000fb07000000) (1024K)]
  0x0000027a877eefd0 JavaThread "Refresh Thread: Equinox Container: 10c63938-4444-4f8d-bdcb-cef32a648ebf" daemon [_thread_blocked, id=16904, stack(0x000000fb06900000,0x000000fb06a00000) (1024K)]
  0x0000027a8743fca0 JavaThread "SCR Component Actor"        daemon [_thread_blocked, id=14804, stack(0x000000fb07100000,0x000000fb07200000) (1024K)]
  0x0000027a87442a90 JavaThread "Worker-JM"                         [_thread_blocked, id=24148, stack(0x000000fb07300000,0x000000fb07400000) (1024K)]
  0x0000027a87440330 JavaThread "JNA Cleaner"                daemon [_thread_blocked, id=23360, stack(0x000000fb07400000,0x000000fb07500000) (1024K)]
  0x0000027a87443120 JavaThread "Worker-0"                          [_thread_blocked, id=18112, stack(0x000000fb07500000,0x000000fb07600000) (1024K)]
  0x0000027a87441d70 JavaThread "Worker-1: Publish Diagnostics"        [_thread_in_Java, id=24328, stack(0x000000fb07600000,0x000000fb07700000) (1024K)]
  0x0000027a874409c0 JavaThread "Thread-2"                   daemon [_thread_in_native, id=23728, stack(0x000000fb06a00000,0x000000fb06b00000) (1024K)]
  0x0000027a874416e0 JavaThread "Thread-3"                   daemon [_thread_in_native, id=22132, stack(0x000000fb06b00000,0x000000fb06c00000) (1024K)]
  0x0000027a87617830 JavaThread "Thread-4"                   daemon [_thread_in_native, id=10720, stack(0x000000fb06c00000,0x000000fb06d00000) (1024K)]
  0x0000027a8761c6f0 JavaThread "Thread-5"                   daemon [_thread_in_native, id=18440, stack(0x000000fb07000000,0x000000fb07100000) (1024K)]
  0x0000027a8761b9d0 JavaThread "Thread-6"                   daemon [_thread_in_native, id=10068, stack(0x000000fb07200000,0x000000fb07300000) (1024K)]
  0x0000027a8761a620 JavaThread "pool-2-thread-1"                   [_thread_blocked, id=22148, stack(0x000000fb07700000,0x000000fb07800000) (1024K)]
  0x0000027a8761acb0 JavaThread "WorkspaceEventsHandler"            [_thread_blocked, id=16120, stack(0x000000fb07800000,0x000000fb07900000) (1024K)]
  0x0000027a8761daa0 JavaThread "pool-1-thread-1"                   [_thread_blocked, id=11728, stack(0x000000fb07900000,0x000000fb07a00000) (1024K)]
  0x0000027a8761b340 JavaThread "ForkJoinPool.commonPool-worker-1" daemon [_thread_in_vm, id=3176, stack(0x000000fb07a00000,0x000000fb07b00000) (1024K)]
  0x0000027a8761c060 JavaThread "ForkJoinPool.commonPool-worker-2" daemon [_thread_in_Java, id=6868, stack(0x000000fb07c00000,0x000000fb07d00000) (1024K)]
  0x0000027a87619270 JavaThread "ForkJoinPool.commonPool-worker-3" daemon [_thread_in_native, id=20112, stack(0x000000fb07e00000,0x000000fb07f00000) (1024K)]
Total: 31

Other Threads:
  0x0000027a2c43edb0 VMThread "VM Thread"                           [id=22088, stack(0x000000fb05b00000,0x000000fb05c00000) (1024K)]
  0x0000027a2c40c090 WatcherThread "VM Periodic Task Thread"        [id=612, stack(0x000000fb05a00000,0x000000fb05b00000) (1024K)]
  0x0000027a2c3c13d0 WorkerThread "GC Thread#0"                     [id=2392, stack(0x000000fb05900000,0x000000fb05a00000) (1024K)]
  0x0000027a82b20ff0 WorkerThread "GC Thread#1"                     [id=17084, stack(0x000000fb06600000,0x000000fb06700000) (1024K)]
  0x0000027a872adad0 WorkerThread "GC Thread#2"                     [id=18076, stack(0x000000fb06700000,0x000000fb06800000) (1024K)]
  0x0000027a872ade70 WorkerThread "GC Thread#3"                     [id=16572, stack(0x000000fb06800000,0x000000fb06900000) (1024K)]
Total: 6

Threads with active compile tasks:
C2 CompilerThread0  71257 7048       4       org.eclipse.jdt.internal.compiler.lookup.LookupEnvironment::getTypeFromTypeSignature (770 bytes)
Total: 1

VM state: not at safepoint (normal execution)

VM Mutex/Monitor currently owned by a thread: None

Heap address: 0x00000000c0000000, size: 1024 MB, Compressed Oops mode: 32-bit

CDS archive(s) mapped at: [0x0000027a41000000-0x0000027a41ba0000-0x0000027a41ba0000), size 12189696, SharedBaseAddress: 0x0000027a41000000, ArchiveRelocationMode: 1.
Compressed class space mapped at: 0x0000027a42000000-0x0000027a82000000, reserved size: 1073741824
Narrow klass base: 0x0000027a41000000, Narrow klass shift: 0, Narrow klass range: 0x100000000

GC Precious Log:
 CardTable entry size: 512
 CPUs: 4 total, 4 available
 Memory: 3533M
 Large Page Support: Disabled
 NUMA Support: Disabled
 Compressed Oops: Enabled (32-bit)
 Alignments: Space 512K, Generation 512K, Heap 2M
 Heap Min Capacity: 100M
 Heap Initial Capacity: 100M
 Heap Max Capacity: 1G
 Pre-touch: Disabled
 Parallel Workers: 4

Heap:
 PSYoungGen      total 17920K, used 10036K [0x00000000eab00000, 0x00000000ec180000, 0x0000000100000000)
  eden space 16896K, 55% used [0x00000000eab00000,0x00000000eb43d3c8,0x00000000ebb80000)
  from space 1024K, 56% used [0x00000000ec080000,0x00000000ec110000,0x00000000ec180000)
  to   space 1536K, 0% used [0x00000000ebe80000,0x00000000ebe80000,0x00000000ec000000)
 ParOldGen       total 68608K, used 65832K [0x00000000c0000000, 0x00000000c4300000, 0x00000000eab00000)
  object space 68608K, 95% used [0x00000000c0000000,0x00000000c404a1f0,0x00000000c4300000)
 Metaspace       used 43432K, committed 44352K, reserved 1114112K
  class space    used 4184K, committed 4608K, reserved 1048576K

Card table byte_map: [0x0000027a2bd40000,0x0000027a2bf50000] _byte_map_base: 0x0000027a2b740000

Marking Bits: (ParMarkBitMap*) 0x00007ffdcb3d2250
 Begin Bits: [0x0000027a3e6f0000, 0x0000027a3f6f0000)
 End Bits:   [0x0000027a3f6f0000, 0x0000027a406f0000)

Polling page: 0x0000027a2a280000

Metaspace:

Usage:
  Non-class:     38.33 MB used.
      Class:      4.09 MB used.
       Both:     42.41 MB used.

Virtual space:
  Non-class space:       64.00 MB reserved,      38.81 MB ( 61%) committed,  1 nodes.
      Class space:        1.00 GB reserved,       4.50 MB ( <1%) committed,  1 nodes.
             Both:        1.06 GB reserved,      43.31 MB (  4%) committed. 

Chunk freelists:
   Non-Class:  9.14 MB
       Class:  11.39 MB
        Both:  20.53 MB

MaxMetaspaceSize: unlimited
CompressedClassSpaceSize: 1.00 GB
Initial GC threshold: 21.00 MB
Current GC threshold: 58.38 MB
CDS: on
 - commit_granule_bytes: 65536.
 - commit_granule_words: 8192.
 - virtual_space_node_default_size: 8388608.
 - enlarge_chunks_in_place: 1.
 - use_allocation_guard: 0.


Internal statistics:

num_allocs_failed_limit: 6.
num_arena_births: 804.
num_arena_deaths: 14.
num_vsnodes_births: 2.
num_vsnodes_deaths: 0.
num_space_committed: 693.
num_space_uncommitted: 0.
num_chunks_returned_to_freelist: 20.
num_chunks_taken_from_freelist: 2574.
num_chunk_merges: 12.
num_chunk_splits: 1695.
num_chunks_enlarged: 1082.
num_inconsistent_stats: 0.

CodeHeap 'non-profiled nmethods': size=120000Kb used=3893Kb max_used=3893Kb free=116106Kb
 bounds [0x0000027a371c0000, 0x0000027a37590000, 0x0000027a3e6f0000]
CodeHeap 'profiled nmethods': size=120000Kb used=15849Kb max_used=15849Kb free=104150Kb
 bounds [0x0000027a2f6f0000, 0x0000027a30670000, 0x0000027a36c20000]
CodeHeap 'non-nmethods': size=5760Kb used=1408Kb max_used=1466Kb free=4351Kb
 bounds [0x0000027a36c20000, 0x0000027a36e90000, 0x0000027a371c0000]
 total_blobs=7396 nmethods=6677 adapters=624
 compilation: enabled
              stopped_count=0, restarted_count=0
 full_count=0

Compilation events (20 events):
Event: 71.036 Thread 0x0000027a408ace40 7152   !   2       org.eclipse.jdt.internal.compiler.lookup.LookupEnvironment$CompleteTypeBindingsSteps::$SWITCH_TABLE$org$eclipse$jdt$internal$compiler$lookup$LookupEnvironment$CompleteTypeBindingsSteps (115 bytes)
Event: 71.036 Thread 0x0000027a408ace40 nmethod 7152 0x0000027a3064a390 code [0x0000027a3064a560, 0x0000027a3064a988]
Event: 71.041 Thread 0x0000027a408ace40 7153       2       org.eclipse.jdt.internal.compiler.ast.TypeReference::internalResolveType (390 bytes)
Event: 71.043 Thread 0x0000027a408ace40 nmethod 7153 0x0000027a3064ae10 code [0x0000027a3064b200, 0x0000027a3064bdc8]
Event: 71.043 Thread 0x0000027a408ace40 7154       2       org.eclipse.jdt.internal.compiler.lookup.ClassScope::detectHierarchyCycle (732 bytes)
Event: 71.051 Thread 0x0000027a408ace40 nmethod 7154 0x0000027a3064c510 code [0x0000027a3064ca60, 0x0000027a3064ea40]
Event: 71.060 Thread 0x0000027a408ace40 7155       3       org.eclipse.jdt.internal.compiler.lookup.WildcardBinding::initialize (101 bytes)
Event: 71.061 Thread 0x0000027a408ace40 nmethod 7155 0x0000027a30650310 code [0x0000027a306504c0, 0x0000027a30650860]
Event: 71.069 Thread 0x0000027a408ace40 7156       3       org.eclipse.jdt.internal.compiler.lookup.BinaryTypeBinding::createTypeVariables (359 bytes)
Event: 71.071 Thread 0x0000027a408ace40 nmethod 7156 0x0000027a30650a10 code [0x0000027a30650d40, 0x0000027a30652278]
Event: 71.088 Thread 0x0000027a408ace40 7158       3       org.eclipse.jdt.internal.compiler.lookup.BinaryTypeBinding::isPreviewFeature (37 bytes)
Event: 71.089 Thread 0x0000027a408ace40 nmethod 7158 0x0000027a30652b90 code [0x0000027a30652d80, 0x0000027a30653178]
Event: 71.104 Thread 0x0000027a408ace40 7159       2       org.eclipse.jdt.internal.compiler.parser.Scanner::isRestrictedKeyword (100 bytes)
Event: 71.105 Thread 0x0000027a408ace40 nmethod 7159 0x0000027a30653310 code [0x0000027a306534a0, 0x0000027a306535f0]
Event: 71.105 Thread 0x0000027a408ace40 7160       2       org.eclipse.jdt.internal.compiler.parser.Scanner::updateScanContext (267 bytes)
Event: 71.105 Thread 0x0000027a408ace40 nmethod 7160 0x0000027a30653690 code [0x0000027a30653880, 0x0000027a30653d08]
Event: 71.107 Thread 0x0000027a408ace40 7161   !   3       org.eclipse.jdt.internal.compiler.parser.Parser::parse (915 bytes)
Event: 71.113 Thread 0x0000027a408ace40 nmethod 7161 0x0000027a30653d90 code [0x0000027a306542e0, 0x0000027a30657640]
Event: 71.114 Thread 0x0000027a408ace40 7162       3       org.eclipse.jdt.internal.compiler.parser.Parser::consumeToken (2233 bytes)
Event: 71.121 Thread 0x0000027a408ace40 nmethod 7162 0x0000027a30658b10 code [0x0000027a30659940, 0x0000027a30662790]

GC Heap History (20 events):
Event: 65.929 GC heap before
{Heap before GC invocations=25 (full 2):
 PSYoungGen      total 24576K, used 24260K [0x00000000eab00000, 0x00000000ec900000, 0x0000000100000000)
  eden space 20992K, 99% used [0x00000000eab00000,0x00000000ebf7ffd0,0x00000000ebf80000)
  from space 3584K, 91% used [0x00000000ec580000,0x00000000ec8b1340,0x00000000ec900000)
  to   space 4096K, 0% used [0x00000000ec100000,0x00000000ec100000,0x00000000ec500000)
 ParOldGen       total 68608K, used 34637K [0x00000000c0000000, 0x00000000c4300000, 0x00000000eab00000)
  object space 68608K, 50% used [0x00000000c0000000,0x00000000c21d3568,0x00000000c4300000)
 Metaspace       used 42256K, committed 43200K, reserved 1114112K
  class space    used 4099K, committed 4544K, reserved 1048576K
}
Event: 65.935 GC heap after
{Heap after GC invocations=25 (full 2):
 PSYoungGen      total 22528K, used 1216K [0x00000000eab00000, 0x00000000ec600000, 0x0000000100000000)
  eden space 20992K, 0% used [0x00000000eab00000,0x00000000eab00000,0x00000000ebf80000)
  from space 1536K, 79% used [0x00000000ec100000,0x00000000ec230038,0x00000000ec280000)
  to   space 2560K, 0% used [0x00000000ec380000,0x00000000ec380000,0x00000000ec600000)
 ParOldGen       total 68608K, used 35662K [0x00000000c0000000, 0x00000000c4300000, 0x00000000eab00000)
  object space 68608K, 51% used [0x00000000c0000000,0x00000000c22d3b78,0x00000000c4300000)
 Metaspace       used 42256K, committed 43200K, reserved 1114112K
  class space    used 4099K, committed 4544K, reserved 1048576K
}
Event: 66.817 GC heap before
{Heap before GC invocations=26 (full 2):
 PSYoungGen      total 22528K, used 22208K [0x00000000eab00000, 0x00000000ec600000, 0x0000000100000000)
  eden space 20992K, 100% used [0x00000000eab00000,0x00000000ebf80000,0x00000000ebf80000)
  from space 1536K, 79% used [0x00000000ec100000,0x00000000ec230038,0x00000000ec280000)
  to   space 2560K, 0% used [0x00000000ec380000,0x00000000ec380000,0x00000000ec600000)
 ParOldGen       total 68608K, used 35662K [0x00000000c0000000, 0x00000000c4300000, 0x00000000eab00000)
  object space 68608K, 51% used [0x00000000c0000000,0x00000000c22d3b78,0x00000000c4300000)
 Metaspace       used 42583K, committed 43456K, reserved 1114112K
  class space    used 4126K, committed 4544K, reserved 1048576K
}
Event: 66.825 GC heap after
{Heap after GC invocations=26 (full 2):
 PSYoungGen      total 20992K, used 2530K [0x00000000eab00000, 0x00000000ecc80000, 0x0000000100000000)
  eden space 18432K, 0% used [0x00000000eab00000,0x00000000eab00000,0x00000000ebd00000)
  from space 2560K, 98% used [0x00000000ec380000,0x00000000ec5f88d0,0x00000000ec600000)
  to   space 6656K, 0% used [0x00000000ebd00000,0x00000000ebd00000,0x00000000ec380000)
 ParOldGen       total 68608K, used 38762K [0x00000000c0000000, 0x00000000c4300000, 0x00000000eab00000)
  object space 68608K, 56% used [0x00000000c0000000,0x00000000c25daba0,0x00000000c4300000)
 Metaspace       used 42583K, committed 43456K, reserved 1114112K
  class space    used 4126K, committed 4544K, reserved 1048576K
}
Event: 67.167 GC heap before
{Heap before GC invocations=27 (full 2):
 PSYoungGen      total 20992K, used 20459K [0x00000000eab00000, 0x00000000ecc80000, 0x0000000100000000)
  eden space 18432K, 97% used [0x00000000eab00000,0x00000000ebc82700,0x00000000ebd00000)
  from space 2560K, 98% used [0x00000000ec380000,0x00000000ec5f88d0,0x00000000ec600000)
  to   space 6656K, 0% used [0x00000000ebd00000,0x00000000ebd00000,0x00000000ec380000)
 ParOldGen       total 68608K, used 40525K [0x00000000c0000000, 0x00000000c4300000, 0x00000000eab00000)
  object space 68608K, 59% used [0x00000000c0000000,0x00000000c27934d0,0x00000000c4300000)
 Metaspace       used 42745K, committed 43712K, reserved 1114112K
  class space    used 4136K, committed 4608K, reserved 1048576K
}
Event: 67.172 GC heap after
{Heap after GC invocations=27 (full 2):
 PSYoungGen      total 25088K, used 3317K [0x00000000eab00000, 0x00000000ec880000, 0x0000000100000000)
  eden space 18432K, 0% used [0x00000000eab00000,0x00000000eab00000,0x00000000ebd00000)
  from space 6656K, 49% used [0x00000000ebd00000,0x00000000ec03d4f0,0x00000000ec380000)
  to   space 4608K, 0% used [0x00000000ec400000,0x00000000ec400000,0x00000000ec880000)
 ParOldGen       total 68608K, used 42626K [0x00000000c0000000, 0x00000000c4300000, 0x00000000eab00000)
  object space 68608K, 62% used [0x00000000c0000000,0x00000000c29a08b0,0x00000000c4300000)
 Metaspace       used 42745K, committed 43712K, reserved 1114112K
  class space    used 4136K, committed 4608K, reserved 1048576K
}
Event: 67.862 GC heap before
{Heap before GC invocations=28 (full 2):
 PSYoungGen      total 25088K, used 21749K [0x00000000eab00000, 0x00000000ec880000, 0x0000000100000000)
  eden space 18432K, 100% used [0x00000000eab00000,0x00000000ebd00000,0x00000000ebd00000)
  from space 6656K, 49% used [0x00000000ebd00000,0x00000000ec03d4f0,0x00000000ec380000)
  to   space 4608K, 0% used [0x00000000ec400000,0x00000000ec400000,0x00000000ec880000)
 ParOldGen       total 68608K, used 48833K [0x00000000c0000000, 0x00000000c4300000, 0x00000000eab00000)
  object space 68608K, 71% used [0x00000000c0000000,0x00000000c2fb0470,0x00000000c4300000)
 Metaspace       used 42836K, committed 43840K, reserved 1114112K
  class space    used 4136K, committed 4608K, reserved 1048576K
}
Event: 67.867 GC heap after
{Heap after GC invocations=28 (full 2):
 PSYoungGen      total 19456K, used 514K [0x00000000eab00000, 0x00000000ec500000, 0x0000000100000000)
  eden space 18432K, 0% used [0x00000000eab00000,0x00000000eab00000,0x00000000ebd00000)
  from space 1024K, 50% used [0x00000000ec400000,0x00000000ec480970,0x00000000ec500000)
  to   space 2048K, 0% used [0x00000000ec100000,0x00000000ec100000,0x00000000ec300000)
 ParOldGen       total 68608K, used 49778K [0x00000000c0000000, 0x00000000c4300000, 0x00000000eab00000)
  object space 68608K, 72% used [0x00000000c0000000,0x00000000c309c860,0x00000000c4300000)
 Metaspace       used 42836K, committed 43840K, reserved 1114112K
  class space    used 4136K, committed 4608K, reserved 1048576K
}
Event: 68.547 GC heap before
{Heap before GC invocations=29 (full 2):
 PSYoungGen      total 19456K, used 18172K [0x00000000eab00000, 0x00000000ec500000, 0x0000000100000000)
  eden space 18432K, 95% used [0x00000000eab00000,0x00000000ebc3e940,0x00000000ebd00000)
  from space 1024K, 50% used [0x00000000ec400000,0x00000000ec480970,0x00000000ec500000)
  to   space 2048K, 0% used [0x00000000ec100000,0x00000000ec100000,0x00000000ec300000)
 ParOldGen       total 68608K, used 49778K [0x00000000c0000000, 0x00000000c4300000, 0x00000000eab00000)
  object space 68608K, 72% used [0x00000000c0000000,0x00000000c309c860,0x00000000c4300000)
 Metaspace       used 43012K, committed 43968K, reserved 1114112K
  class space    used 4145K, committed 4608K, reserved 1048576K
}
Event: 68.553 GC heap after
{Heap after GC invocations=29 (full 2):
 PSYoungGen      total 20480K, used 983K [0x00000000eab00000, 0x00000000ec480000, 0x0000000100000000)
  eden space 18432K, 0% used [0x00000000eab00000,0x00000000eab00000,0x00000000ebd00000)
  from space 2048K, 48% used [0x00000000ec100000,0x00000000ec1f5c50,0x00000000ec300000)
  to   space 1536K, 0% used [0x00000000ec300000,0x00000000ec300000,0x00000000ec480000)
 ParOldGen       total 68608K, used 49822K [0x00000000c0000000, 0x00000000c4300000, 0x00000000eab00000)
  object space 68608K, 72% used [0x00000000c0000000,0x00000000c30a7838,0x00000000c4300000)
 Metaspace       used 43012K, committed 43968K, reserved 1114112K
  class space    used 4145K, committed 4608K, reserved 1048576K
}
Event: 68.879 GC heap before
{Heap before GC invocations=30 (full 2):
 PSYoungGen      total 20480K, used 19415K [0x00000000eab00000, 0x00000000ec480000, 0x0000000100000000)
  eden space 18432K, 100% used [0x00000000eab00000,0x00000000ebd00000,0x00000000ebd00000)
  from space 2048K, 48% used [0x00000000ec100000,0x00000000ec1f5c50,0x00000000ec300000)
  to   space 1536K, 0% used [0x00000000ec300000,0x00000000ec300000,0x00000000ec480000)
 ParOldGen       total 68608K, used 49822K [0x00000000c0000000, 0x00000000c4300000, 0x00000000eab00000)
  object space 68608K, 72% used [0x00000000c0000000,0x00000000c30a7838,0x00000000c4300000)
 Metaspace       used 43050K, committed 44032K, reserved 1114112K
  class space    used 4146K, committed 4608K, reserved 1048576K
}
Event: 68.887 GC heap after
{Heap after GC invocations=30 (full 2):
 PSYoungGen      total 19968K, used 1440K [0x00000000eab00000, 0x00000000ec480000, 0x0000000100000000)
  eden space 18432K, 0% used [0x00000000eab00000,0x00000000eab00000,0x00000000ebd00000)
  from space 1536K, 93% used [0x00000000ec300000,0x00000000ec468000,0x00000000ec480000)
  to   space 1536K, 0% used [0x00000000ec180000,0x00000000ec180000,0x00000000ec300000)
 ParOldGen       total 68608K, used 52382K [0x00000000c0000000, 0x00000000c4300000, 0x00000000eab00000)
  object space 68608K, 76% used [0x00000000c0000000,0x00000000c3327a08,0x00000000c4300000)
 Metaspace       used 43050K, committed 44032K, reserved 1114112K
  class space    used 4146K, committed 4608K, reserved 1048576K
}
Event: 69.846 GC heap before
{Heap before GC invocations=31 (full 2):
 PSYoungGen      total 19968K, used 19820K [0x00000000eab00000, 0x00000000ec480000, 0x0000000100000000)
  eden space 18432K, 99% used [0x00000000eab00000,0x00000000ebcf3198,0x00000000ebd00000)
  from space 1536K, 93% used [0x00000000ec300000,0x00000000ec468000,0x00000000ec480000)
  to   space 1536K, 0% used [0x00000000ec180000,0x00000000ec180000,0x00000000ec300000)
 ParOldGen       total 68608K, used 52382K [0x00000000c0000000, 0x00000000c4300000, 0x00000000eab00000)
  object space 68608K, 76% used [0x00000000c0000000,0x00000000c3327a08,0x00000000c4300000)
 Metaspace       used 43269K, committed 44224K, reserved 1114112K
  class space    used 4180K, committed 4608K, reserved 1048576K
}
Event: 69.858 GC heap after
{Heap after GC invocations=31 (full 2):
 PSYoungGen      total 19968K, used 1320K [0x00000000eab00000, 0x00000000ec380000, 0x0000000100000000)
  eden space 18432K, 0% used [0x00000000eab00000,0x00000000eab00000,0x00000000ebd00000)
  from space 1536K, 85% used [0x00000000ec180000,0x00000000ec2ca160,0x00000000ec300000)
  to   space 512K, 0% used [0x00000000ec300000,0x00000000ec300000,0x00000000ec380000)
 ParOldGen       total 68608K, used 58853K [0x00000000c0000000, 0x00000000c4300000, 0x00000000eab00000)
  object space 68608K, 85% used [0x00000000c0000000,0x00000000c3979598,0x00000000c4300000)
 Metaspace       used 43269K, committed 44224K, reserved 1114112K
  class space    used 4180K, committed 4608K, reserved 1048576K
}
Event: 70.208 GC heap before
{Heap before GC invocations=32 (full 2):
 PSYoungGen      total 19968K, used 19541K [0x00000000eab00000, 0x00000000ec380000, 0x0000000100000000)
  eden space 18432K, 98% used [0x00000000eab00000,0x00000000ebccb4c8,0x00000000ebd00000)
  from space 1536K, 85% used [0x00000000ec180000,0x00000000ec2ca160,0x00000000ec300000)
  to   space 512K, 0% used [0x00000000ec300000,0x00000000ec300000,0x00000000ec380000)
 ParOldGen       total 68608K, used 58853K [0x00000000c0000000, 0x00000000c4300000, 0x00000000eab00000)
  object space 68608K, 85% used [0x00000000c0000000,0x00000000c3979598,0x00000000c4300000)
 Metaspace       used 43293K, committed 44224K, reserved 1114112K
  class space    used 4180K, committed 4608K, reserved 1048576K
}
Event: 70.211 GC heap after
{Heap after GC invocations=32 (full 2):
 PSYoungGen      total 17408K, used 490K [0x00000000eab00000, 0x00000000ecc00000, 0x0000000100000000)
  eden space 16896K, 0% used [0x00000000eab00000,0x00000000eab00000,0x00000000ebb80000)
  from space 512K, 95% used [0x00000000ec300000,0x00000000ec37aa70,0x00000000ec380000)
  to   space 7680K, 0% used [0x00000000ebb80000,0x00000000ebb80000,0x00000000ec300000)
 ParOldGen       total 68608K, used 64935K [0x00000000c0000000, 0x00000000c4300000, 0x00000000eab00000)
  object space 68608K, 94% used [0x00000000c0000000,0x00000000c3f69f20,0x00000000c4300000)
 Metaspace       used 43293K, committed 44224K, reserved 1114112K
  class space    used 4180K, committed 4608K, reserved 1048576K
}
Event: 70.863 GC heap before
{Heap before GC invocations=33 (full 2):
 PSYoungGen      total 17408K, used 16090K [0x00000000eab00000, 0x00000000ecc00000, 0x0000000100000000)
  eden space 16896K, 92% used [0x00000000eab00000,0x00000000eba3c130,0x00000000ebb80000)
  from space 512K, 95% used [0x00000000ec300000,0x00000000ec37aa70,0x00000000ec380000)
  to   space 7680K, 0% used [0x00000000ebb80000,0x00000000ebb80000,0x00000000ec300000)
 ParOldGen       total 68608K, used 64935K [0x00000000c0000000, 0x00000000c4300000, 0x00000000eab00000)
  object space 68608K, 94% used [0x00000000c0000000,0x00000000c3f69f20,0x00000000c4300000)
 Metaspace       used 43373K, committed 44288K, reserved 1114112K
  class space    used 4181K, committed 4608K, reserved 1048576K
}
Event: 70.870 GC heap after
{Heap after GC invocations=33 (full 2):
 PSYoungGen      total 18432K, used 1056K [0x00000000eab00000, 0x00000000ec380000, 0x0000000100000000)
  eden space 16896K, 0% used [0x00000000eab00000,0x00000000eab00000,0x00000000ebb80000)
  from space 1536K, 68% used [0x00000000ebb80000,0x00000000ebc88000,0x00000000ebd00000)
  to   space 3072K, 0% used [0x00000000ec080000,0x00000000ec080000,0x00000000ec380000)
 ParOldGen       total 68608K, used 65046K [0x00000000c0000000, 0x00000000c4300000, 0x00000000eab00000)
  object space 68608K, 94% used [0x00000000c0000000,0x00000000c3f85a00,0x00000000c4300000)
 Metaspace       used 43373K, committed 44288K, reserved 1114112K
  class space    used 4181K, committed 4608K, reserved 1048576K
}
Event: 71.014 GC heap before
{Heap before GC invocations=34 (full 2):
 PSYoungGen      total 18432K, used 17056K [0x00000000eab00000, 0x00000000ec380000, 0x0000000100000000)
  eden space 16896K, 94% used [0x00000000eab00000,0x00000000ebaa0060,0x00000000ebb80000)
  from space 1536K, 68% used [0x00000000ebb80000,0x00000000ebc88000,0x00000000ebd00000)
  to   space 3072K, 0% used [0x00000000ec080000,0x00000000ec080000,0x00000000ec380000)
 ParOldGen       total 68608K, used 65046K [0x00000000c0000000, 0x00000000c4300000, 0x00000000eab00000)
  object space 68608K, 94% used [0x00000000c0000000,0x00000000c3f85a00,0x00000000c4300000)
 Metaspace       used 43397K, committed 44352K, reserved 1114112K
  class space    used 4182K, committed 4608K, reserved 1048576K
}
Event: 71.021 GC heap after
{Heap after GC invocations=34 (full 2):
 PSYoungGen      total 17920K, used 576K [0x00000000eab00000, 0x00000000ec180000, 0x0000000100000000)
  eden space 16896K, 0% used [0x00000000eab00000,0x00000000eab00000,0x00000000ebb80000)
  from space 1024K, 56% used [0x00000000ec080000,0x00000000ec110000,0x00000000ec180000)
  to   space 1536K, 0% used [0x00000000ebe80000,0x00000000ebe80000,0x00000000ec000000)
 ParOldGen       total 68608K, used 65832K [0x00000000c0000000, 0x00000000c4300000, 0x00000000eab00000)
  object space 68608K, 95% used [0x00000000c0000000,0x00000000c404a1f0,0x00000000c4300000)
 Metaspace       used 43397K, committed 44352K, reserved 1114112K
  class space    used 4182K, committed 4608K, reserved 1048576K
}

Dll operation events (10 events):
Event: 3.373 Loaded shared library c:\Users\ASUS\.vscode\extensions\redhat.java-1.39.0-win32-x64\jre\21.0.5-win32-x86_64\bin\java.dll
Event: 4.627 Loaded shared library c:\Users\ASUS\.vscode\extensions\redhat.java-1.39.0-win32-x64\jre\21.0.5-win32-x86_64\bin\zip.dll
Event: 4.802 Loaded shared library C:\Users\ASUS\.vscode\extensions\redhat.java-1.39.0-win32-x64\jre\21.0.5-win32-x86_64\bin\instrument.dll
Event: 4.837 Loaded shared library C:\Users\ASUS\.vscode\extensions\redhat.java-1.39.0-win32-x64\jre\21.0.5-win32-x86_64\bin\net.dll
Event: 4.859 Loaded shared library C:\Users\ASUS\.vscode\extensions\redhat.java-1.39.0-win32-x64\jre\21.0.5-win32-x86_64\bin\nio.dll
Event: 4.874 Loaded shared library C:\Users\ASUS\.vscode\extensions\redhat.java-1.39.0-win32-x64\jre\21.0.5-win32-x86_64\bin\zip.dll
Event: 4.922 Loaded shared library C:\Users\ASUS\.vscode\extensions\redhat.java-1.39.0-win32-x64\jre\21.0.5-win32-x86_64\bin\jimage.dll
Event: 5.300 Loaded shared library c:\Users\ASUS\.vscode\extensions\redhat.java-1.39.0-win32-x64\jre\21.0.5-win32-x86_64\bin\verify.dll
Event: 19.980 Loaded shared library C:\Users\ASUS\AppData\Roaming\Code\User\globalStorage\redhat.java\1.39.0\config_ss_win\org.eclipse.equinox.launcher\org.eclipse.equinox.launcher.win32.win32.x86_64_1.2.1100.v20240722-2106\eclipse_11904.dll
Event: 25.329 Loaded shared library C:\Users\ASUS\AppData\Local\Temp\jna-2018896\jna14685869792809158540.dll

Deoptimization events (20 events):
Event: 70.581 Thread 0x0000027a8761c060 DEOPT PACKING pc=0x0000027a30566459 sp=0x000000fb07cfd980
Event: 70.583 Thread 0x0000027a8761c060 DEOPT UNPACKING pc=0x0000027a36c74242 sp=0x000000fb07cfce50 mode 0
Event: 70.745 Thread 0x0000027a8761c060 DEOPT PACKING pc=0x0000027a301c856a sp=0x000000fb07cfd630
Event: 70.854 Thread 0x0000027a8761c060 DEOPT UNPACKING pc=0x0000027a36c74242 sp=0x000000fb07cfcbb8 mode 0
Event: 70.872 Thread 0x0000027a8761c060 DEOPT PACKING pc=0x0000027a301c856a sp=0x000000fb07cfdd80
Event: 70.872 Thread 0x0000027a8761c060 DEOPT UNPACKING pc=0x0000027a36c74242 sp=0x000000fb07cfd328 mode 0
Event: 71.069 Thread 0x0000027a8761c060 DEOPT PACKING pc=0x0000027a303f55c5 sp=0x000000fb07cfcf20
Event: 71.069 Thread 0x0000027a8761c060 DEOPT UNPACKING pc=0x0000027a36c74242 sp=0x000000fb07cfc430 mode 0
Event: 71.088 Thread 0x0000027a8761c060 DEOPT PACKING pc=0x0000027a30496f94 sp=0x000000fb07cfd3f0
Event: 71.088 Thread 0x0000027a8761c060 DEOPT UNPACKING pc=0x0000027a36c74242 sp=0x000000fb07cfc828 mode 0
Event: 71.106 Thread 0x0000027a8761c060 DEOPT PACKING pc=0x0000027a30566459 sp=0x000000fb07cfd980
Event: 71.106 Thread 0x0000027a8761c060 DEOPT UNPACKING pc=0x0000027a36c74242 sp=0x000000fb07cfce50 mode 0
Event: 71.107 Thread 0x0000027a8761c060 Uncommon trap: trap_request=0xffffff45 fr.pc=0x0000027a37557c18 relative=0x0000000000002658
Event: 71.107 Thread 0x0000027a8761c060 Uncommon trap: reason=unstable_if action=reinterpret pc=0x0000027a37557c18 method=org.eclipse.jdt.internal.compiler.parser.Parser.consumeToken(I)V @ 1 c2
Event: 71.107 Thread 0x0000027a8761c060 DEOPT PACKING pc=0x0000027a37557c18 sp=0x000000fb07cfdad0
Event: 71.107 Thread 0x0000027a8761c060 DEOPT UNPACKING pc=0x0000027a36c73aa2 sp=0x000000fb07cfdaa8 mode 2
Event: 71.109 Thread 0x0000027a8761c060 DEOPT PACKING pc=0x0000027a305664f9 sp=0x000000fb07cfd8f0
Event: 71.109 Thread 0x0000027a8761c060 DEOPT UNPACKING pc=0x0000027a36c74242 sp=0x000000fb07cfcdc0 mode 0
Event: 71.119 Thread 0x0000027a8761c060 DEOPT PACKING pc=0x0000027a30566459 sp=0x000000fb07cfd8f0
Event: 71.119 Thread 0x0000027a8761c060 DEOPT UNPACKING pc=0x0000027a36c74242 sp=0x000000fb07cfcdc0 mode 0

Classes loaded (20 events):
Event: 66.154 Loading class java/util/stream/IntStream done
Event: 66.154 Loading class java/util/stream/IntPipeline done
Event: 66.154 Loading class java/util/stream/IntPipeline$StatelessOp done
Event: 66.154 Loading class java/util/stream/ReferencePipeline$4 done
Event: 66.155 Loading class java/util/stream/Nodes$IntFixedNodeBuilder
Event: 66.156 Loading class java/util/stream/Node$Builder$OfInt
Event: 66.156 Loading class java/util/stream/Sink$OfInt
Event: 66.157 Loading class java/util/stream/Sink$OfInt done
Event: 66.157 Loading class java/util/stream/Node$Builder$OfInt done
Event: 66.157 Loading class java/util/stream/Nodes$IntArrayNode
Event: 66.159 Loading class java/util/stream/Nodes$IntArrayNode done
Event: 66.159 Loading class java/util/stream/Nodes$IntFixedNodeBuilder done
Event: 66.160 Loading class java/util/stream/ReferencePipeline$4$1
Event: 66.160 Loading class java/util/stream/ReferencePipeline$4$1 done
Event: 66.434 Loading class java/util/WeakHashMap$KeyIterator
Event: 66.435 Loading class java/util/WeakHashMap$KeyIterator done
Event: 67.093 Loading class java/util/AbstractList$SubList
Event: 67.094 Loading class java/util/AbstractList$SubList done
Event: 67.094 Loading class java/util/AbstractList$SubList$1
Event: 67.094 Loading class java/util/AbstractList$SubList$1 done

Classes unloaded (7 events):
Event: 28.045 Thread 0x0000027a2c43edb0 Unloading class 0x0000027a42193400 'java/lang/invoke/LambdaForm$MH+0x0000027a42193400'
Event: 28.045 Thread 0x0000027a2c43edb0 Unloading class 0x0000027a42193000 'java/lang/invoke/LambdaForm$MH+0x0000027a42193000'
Event: 28.045 Thread 0x0000027a2c43edb0 Unloading class 0x0000027a42192c00 'java/lang/invoke/LambdaForm$MH+0x0000027a42192c00'
Event: 28.045 Thread 0x0000027a2c43edb0 Unloading class 0x0000027a42192800 'java/lang/invoke/LambdaForm$MH+0x0000027a42192800'
Event: 28.045 Thread 0x0000027a2c43edb0 Unloading class 0x0000027a42192400 'java/lang/invoke/LambdaForm$BMH+0x0000027a42192400'
Event: 28.045 Thread 0x0000027a2c43edb0 Unloading class 0x0000027a42192000 'java/lang/invoke/LambdaForm$DMH+0x0000027a42192000'
Event: 28.045 Thread 0x0000027a2c43edb0 Unloading class 0x0000027a42190c00 'java/lang/invoke/LambdaForm$DMH+0x0000027a42190c00'

Classes redefined (0 events):
No events

Internal exceptions (20 events):
Event: 40.369 Thread 0x0000027a8761b340 Exception <a 'java/lang/NoSuchMethodError'{0x00000000eb79fdc0}: 'int java.lang.invoke.DirectMethodHandle$Holder.invokeStaticInit(java.lang.Object, float, float)'> (0x00000000eb79fdc0) 
thrown [s\src\hotspot\share\interpreter\linkResolver.cpp, line 773]
Event: 40.370 Thread 0x0000027a8761b340 Exception <a 'java/lang/NoSuchMethodError'{0x00000000eb7a6fe8}: 'int java.lang.invoke.DirectMethodHandle$Holder.invokeStaticInit(java.lang.Object, double, double)'> (0x00000000eb7a6fe8) 
thrown [s\src\hotspot\share\interpreter\linkResolver.cpp, line 773]
Event: 40.370 Thread 0x0000027a8761b340 Exception <a 'java/lang/NoSuchMethodError'{0x00000000eb7ab838}: 'int java.lang.invoke.DirectMethodHandle$Holder.invokeStatic(java.lang.Object, long)'> (0x00000000eb7ab838) 
thrown [s\src\hotspot\share\interpreter\linkResolver.cpp, line 773]
Event: 40.374 Thread 0x0000027a8761b340 Exception <a 'java/lang/NoSuchMethodError'{0x00000000eb7cad38}: 'int java.lang.invoke.Invokers$Holder.linkToTargetMethod(java.lang.Object, java.lang.Object)'> (0x00000000eb7cad38) 
thrown [s\src\hotspot\share\interpreter\linkResolver.cpp, line 773]
Event: 40.375 Thread 0x0000027a8761b340 Implicit null exception at 0x0000027a3739a63d to 0x0000027a3739a6b2
Event: 57.767 Thread 0x0000027a8761daa0 Exception <a 'java/lang/IncompatibleClassChangeError'{0x00000000eba7a7c8}: Found class java.lang.Object, but interface was expected> (0x00000000eba7a7c8) 
thrown [s\src\hotspot\share\interpreter\linkResolver.cpp, line 840]
Event: 59.953 Thread 0x0000027a8761b340 Exception <a 'java/lang/NoSuchMethodError'{0x00000000eba7a090}: 'int java.lang.invoke.DirectMethodHandle$Holder.invokeInterface(java.lang.Object, java.lang.Object)'> (0x00000000eba7a090) 
thrown [s\src\hotspot\share\interpreter\linkResolver.cpp, line 773]
Event: 59.953 Thread 0x0000027a8761b340 Exception <a 'java/lang/IncompatibleClassChangeError'{0x00000000eba7d360}: Found class java.lang.Object, but interface was expected> (0x00000000eba7d360) 
thrown [s\src\hotspot\share\interpreter\linkResolver.cpp, line 840]
Event: 60.026 Thread 0x0000027a8761b340 Exception <a 'java/lang/NoSuchMethodError'{0x00000000ebad8db0}: 'int java.lang.invoke.DirectMethodHandle$Holder.invokeSpecial(java.lang.Object, java.lang.Object, java.lang.Object, java.lang.Object)'> (0x00000000ebad8db0) 
thrown [s\src\hotspot\share\interpreter\linkResolver.cpp, line 773]
Event: 60.050 Thread 0x0000027a8761b340 Exception <a 'java/lang/NoSuchMethodError'{0x00000000ebae6460}: 'java.lang.Object java.lang.invoke.DirectMethodHandle$Holder.invokeStatic(java.lang.Object, int, java.lang.Object, java.lang.Object)'> (0x00000000ebae6460) 
thrown [s\src\hotspot\share\interpreter\linkResolver.cpp, line 773]
Event: 60.062 Thread 0x0000027a8761b340 Exception <a 'java/lang/NoSuchMethodError'{0x00000000ebae9c60}: 'java.lang.Object java.lang.invoke.DelegatingMethodHandle$Holder.delegate(java.lang.Object, int, java.lang.Object, java.lang.Object)'> (0x00000000ebae9c60) 
thrown [s\src\hotspot\share\interpreter\linkResolver.cpp, line 773]
Event: 60.139 Thread 0x0000027a8761b340 Implicit null exception at 0x0000027a373a8964 to 0x0000027a373a8c38
Event: 60.343 Thread 0x0000027a8761b340 Exception <a 'java/lang/NoSuchMethodError'{0x00000000ebafd5a8}: 'int java.lang.invoke.Invokers$Holder.linkToTargetMethod(java.lang.Object, java.lang.Object, java.lang.Object)'> (0x00000000ebafd5a8) 
thrown [s\src\hotspot\share\interpreter\linkResolver.cpp, line 773]
Event: 62.199 Thread 0x0000027a8761c060 Exception <a 'java/lang/NoSuchMethodError'{0x00000000eabcb240}: 'int java.lang.invoke.DirectMethodHandle$Holder.invokeSpecialIFC(java.lang.Object, java.lang.Object, java.lang.Object)'> (0x00000000eabcb240) 
thrown [s\src\hotspot\share\interpreter\linkResolver.cpp, line 773]
Event: 62.722 Thread 0x0000027a8761b340 Implicit null exception at 0x0000027a3748d24b to 0x0000027a3748d3ac
Event: 63.951 Thread 0x0000027a8761c060 Exception <a 'java/io/FileNotFoundException'{0x00000000ead8d978}> (0x00000000ead8d978) 
thrown [s\src\hotspot\share\prims\jni.cpp, line 520]
Event: 63.952 Thread 0x0000027a8761b340 Exception <a 'java/io/FileNotFoundException'{0x00000000eaf09540}> (0x00000000eaf09540) 
thrown [s\src\hotspot\share\prims\jni.cpp, line 520]
Event: 64.776 Thread 0x0000027a8761b340 Exception <a 'java/lang/LinkageError'{0x00000000eb261c18}: loader lombok.launch.ShadowClassLoader @46f5cac9 attempted duplicate class definition for lombok.launch.PatchFixesHider$ExtensionMethod. (lombok.launch.PatchFixesHider$ExtensionMethod is in unnamed module of loader lombok.launch.ShadowClassLoader @46f5cac9, parent loader org.eclipse.osgi.internal.loader.EquinoxClassLoader @745b7cab)> (0x00000000eb261c18) 
thrown [s\src\hotspot\share\classfile\systemDictionary.cpp, line 1682]
Event: 65.346 Thread 0x0000027a87619270 Exception <a 'java/lang/NoSuchMethodError'{0x00000000eb18baa0}: 'int java.lang.invoke.Invokers$Holder.invokeExact_MT(java.lang.Object, java.lang.Object)'> (0x00000000eb18baa0) 
thrown [s\src\hotspot\share\interpreter\linkResolver.cpp, line 773]
Event: 66.959 Thread 0x0000027a87441d70 Exception <a 'java/lang/NoSuchMethodError'{0x00000000eb148430}: 'java.lang.Object java.lang.invoke.DirectMethodHandle$Holder.invokeSpecial(java.lang.Object, java.lang.Object, int, long)'> (0x00000000eb148430) 
thrown [s\src\hotspot\share\interpreter\linkResolver.cpp, line 773]

ZGC Phase Switch (0 events):
No events

VM Operations (20 events):
Event: 67.160 Executing VM operation: ParallelGCFailedAllocation (Allocation Failure)
Event: 67.160 Executing VM operation: ParallelGCFailedAllocation (Allocation Failure) done
Event: 67.162 Executing VM operation: ParallelGCSystemGC (GCLocker Initiated GC)
Event: 67.172 Executing VM operation: ParallelGCSystemGC (GCLocker Initiated GC) done
Event: 67.806 Executing VM operation: ParallelGCFailedAllocation (Allocation Failure)
Event: 67.867 Executing VM operation: ParallelGCFailedAllocation (Allocation Failure) done
Event: 67.937 Executing VM operation: HandshakeAllThreads (Deoptimize)
Event: 67.937 Executing VM operation: HandshakeAllThreads (Deoptimize) done
Event: 68.461 Executing VM operation: ParallelGCFailedAllocation (Allocation Failure)
Event: 68.553 Executing VM operation: ParallelGCFailedAllocation (Allocation Failure) done
Event: 68.861 Executing VM operation: ParallelGCFailedAllocation (Allocation Failure)
Event: 68.887 Executing VM operation: ParallelGCFailedAllocation (Allocation Failure) done
Event: 69.799 Executing VM operation: ParallelGCFailedAllocation (Allocation Failure)
Event: 69.858 Executing VM operation: ParallelGCFailedAllocation (Allocation Failure) done
Event: 70.208 Executing VM operation: ParallelGCFailedAllocation (Allocation Failure)
Event: 70.212 Executing VM operation: ParallelGCFailedAllocation (Allocation Failure) done
Event: 70.777 Executing VM operation: ParallelGCFailedAllocation (Allocation Failure)
Event: 70.870 Executing VM operation: ParallelGCFailedAllocation (Allocation Failure) done
Event: 71.004 Executing VM operation: ParallelGCFailedAllocation (Allocation Failure)
Event: 71.021 Executing VM operation: ParallelGCFailedAllocation (Allocation Failure) done

Memory protections (0 events):
No events

Nmethod flushes (20 events):
Event: 46.699 Thread 0x0000027a2c43edb0 flushing  nmethod 0x0000027a2fbde890
Event: 46.699 Thread 0x0000027a2c43edb0 flushing  nmethod 0x0000027a2fc00590
Event: 46.699 Thread 0x0000027a2c43edb0 flushing  nmethod 0x0000027a2fc1a890
Event: 46.699 Thread 0x0000027a2c43edb0 flushing  nmethod 0x0000027a2fc1b490
Event: 46.699 Thread 0x0000027a2c43edb0 flushing  nmethod 0x0000027a2fc21710
Event: 46.699 Thread 0x0000027a2c43edb0 flushing  nmethod 0x0000027a2fc68910
Event: 46.699 Thread 0x0000027a2c43edb0 flushing  nmethod 0x0000027a2fc92610
Event: 46.699 Thread 0x0000027a2c43edb0 flushing  nmethod 0x0000027a2fc93290
Event: 46.699 Thread 0x0000027a2c43edb0 flushing  nmethod 0x0000027a2fc96b90
Event: 46.699 Thread 0x0000027a2c43edb0 flushing  nmethod 0x0000027a2fc97510
Event: 46.699 Thread 0x0000027a2c43edb0 flushing  nmethod 0x0000027a2fce3b90
Event: 46.699 Thread 0x0000027a2c43edb0 flushing  nmethod 0x0000027a2fcf3910
Event: 46.699 Thread 0x0000027a2c43edb0 flushing  nmethod 0x0000027a2fd32d90
Event: 46.699 Thread 0x0000027a2c43edb0 flushing  nmethod 0x0000027a2fd51090
Event: 46.699 Thread 0x0000027a2c43edb0 flushing  nmethod 0x0000027a2fd51490
Event: 46.699 Thread 0x0000027a2c43edb0 flushing  nmethod 0x0000027a2fd51e90
Event: 46.699 Thread 0x0000027a2c43edb0 flushing  nmethod 0x0000027a2fd56b10
Event: 46.699 Thread 0x0000027a2c43edb0 flushing  nmethod 0x0000027a2fd70690
Event: 46.699 Thread 0x0000027a2c43edb0 flushing  nmethod 0x0000027a2fd71a90
Event: 46.699 Thread 0x0000027a2c43edb0 flushing  nmethod 0x0000027a2fd83c10

Events (20 events):
Event: 25.576 Thread 0x0000027a82a83190 Thread added: 0x0000027a87443120
Event: 25.713 Thread 0x0000027a82a83190 Thread added: 0x0000027a87441d70
Event: 29.804 Thread 0x0000027a82a83190 Thread added: 0x0000027a874409c0
Event: 30.126 Thread 0x0000027a8765b740 Thread exited: 0x0000027a8765b740
Event: 30.126 Thread 0x0000027a8765bda0 Thread exited: 0x0000027a8765bda0
Event: 30.126 Thread 0x0000027a8765b0e0 Thread exited: 0x0000027a8765b0e0
Event: 30.126 Thread 0x0000027a8765e260 Thread exited: 0x0000027a8765e260
Event: 30.219 Thread 0x0000027a874409c0 Thread exited: 0x0000027a874409c0
Event: 30.805 Thread 0x0000027a874416e0 Thread exited: 0x0000027a874416e0
Event: 31.060 Thread 0x0000027a2c3a2e40 Thread added: 0x0000027a874409c0
Event: 31.061 Thread 0x0000027a2c3a2e40 Thread added: 0x0000027a874416e0
Event: 31.061 Thread 0x0000027a2c3a2e40 Thread added: 0x0000027a87617830
Event: 31.062 Thread 0x0000027a2c3a2e40 Thread added: 0x0000027a8761c6f0
Event: 31.062 Thread 0x0000027a2c3a2e40 Thread added: 0x0000027a8761b9d0
Event: 31.371 Thread 0x0000027a2c3a2e40 Thread added: 0x0000027a8761a620
Event: 32.037 Thread 0x0000027a2c3a2e40 Thread added: 0x0000027a8761acb0
Event: 32.037 Thread 0x0000027a2c3a2e40 Thread added: 0x0000027a8761daa0
Event: 39.521 Thread 0x0000027a8761daa0 Thread added: 0x0000027a8761b340
Event: 61.087 Thread 0x0000027a8761daa0 Thread added: 0x0000027a8761c060
Event: 64.121 Thread 0x0000027a8761daa0 Thread added: 0x0000027a87619270


Dynamic libraries:
0x00007ff644510000 - 0x00007ff64451e000 	c:\Users\ASUS\.vscode\extensions\redhat.java-1.39.0-win32-x64\jre\21.0.5-win32-x86_64\bin\java.exe
0x00007ffe592f0000 - 0x00007ffe59507000 	C:\WINDOWS\SYSTEM32\ntdll.dll
0x00007ffe25160000 - 0x00007ffe2517a000 	C:\Program Files\AVG\Antivirus\aswhook.dll
0x00007ffe57e70000 - 0x00007ffe57f34000 	C:\WINDOWS\System32\KERNEL32.DLL
0x00007ffe568a0000 - 0x00007ffe56c5a000 	C:\WINDOWS\System32\KERNELBASE.dll
0x00007ffe566d0000 - 0x00007ffe567e1000 	C:\WINDOWS\System32\ucrtbase.dll
0x00007ffe4c900000 - 0x00007ffe4c918000 	c:\Users\ASUS\.vscode\extensions\redhat.java-1.39.0-win32-x64\jre\21.0.5-win32-x86_64\bin\jli.dll
0x00007ffe57490000 - 0x00007ffe5763e000 	C:\WINDOWS\System32\USER32.dll
0x00007ffe567f0000 - 0x00007ffe56816000 	C:\WINDOWS\System32\win32u.dll
0x00007ffe57640000 - 0x00007ffe57669000 	C:\WINDOWS\System32\GDI32.dll
0x00007ffe56dd0000 - 0x00007ffe56eeb000 	C:\WINDOWS\System32\gdi32full.dll
0x00007ffe565b0000 - 0x00007ffe5664a000 	C:\WINDOWS\System32\msvcp_win.dll
0x00007ffe4c7d0000 - 0x00007ffe4c7ee000 	c:\Users\ASUS\.vscode\extensions\redhat.java-1.39.0-win32-x64\jre\21.0.5-win32-x86_64\bin\VCRUNTIME140.dll
0x00007ffe4a240000 - 0x00007ffe4a4d2000 	C:\WINDOWS\WinSxS\amd64_microsoft.windows.common-controls_6595b64144ccf1df_6.0.22621.4541_none_2710d1c57384c085\COMCTL32.dll
0x00007ffe57160000 - 0x00007ffe57207000 	C:\WINDOWS\System32\msvcrt.dll
0x00007ffe570a0000 - 0x00007ffe570d1000 	C:\WINDOWS\System32\IMM32.DLL
0x00007ffe52a70000 - 0x00007ffe52a7c000 	c:\Users\ASUS\.vscode\extensions\redhat.java-1.39.0-win32-x64\jre\21.0.5-win32-x86_64\bin\vcruntime140_1.dll
0x00007ffe14810000 - 0x00007ffe1489d000 	c:\Users\ASUS\.vscode\extensions\redhat.java-1.39.0-win32-x64\jre\21.0.5-win32-x86_64\bin\msvcp140.dll
0x00007ffdca720000 - 0x00007ffdcb4af000 	c:\Users\ASUS\.vscode\extensions\redhat.java-1.39.0-win32-x64\jre\21.0.5-win32-x86_64\bin\server\jvm.dll
0x00007ffe56fe0000 - 0x00007ffe57092000 	C:\WINDOWS\System32\ADVAPI32.dll
0x00007ffe58a60000 - 0x00007ffe58b07000 	C:\WINDOWS\System32\sechost.dll
0x00007ffe56ef0000 - 0x00007ffe56f18000 	C:\WINDOWS\System32\bcrypt.dll
0x00007ffe57270000 - 0x00007ffe57384000 	C:\WINDOWS\System32\RPCRT4.dll
0x00007ffe59200000 - 0x00007ffe59271000 	C:\WINDOWS\System32\WS2_32.dll
0x00007ffe56480000 - 0x00007ffe564cd000 	C:\WINDOWS\SYSTEM32\POWRPROF.dll
0x00007ffe52080000 - 0x00007ffe520b4000 	C:\WINDOWS\SYSTEM32\WINMM.dll
0x00007ffe4e630000 - 0x00007ffe4e63a000 	C:\WINDOWS\SYSTEM32\VERSION.dll
0x00007ffe56460000 - 0x00007ffe56473000 	C:\WINDOWS\SYSTEM32\UMPDC.dll
0x00007ffe555f0000 - 0x00007ffe55608000 	C:\WINDOWS\SYSTEM32\kernel.appcore.dll
0x00007ffe524e0000 - 0x00007ffe524ea000 	c:\Users\ASUS\.vscode\extensions\redhat.java-1.39.0-win32-x64\jre\21.0.5-win32-x86_64\bin\jimage.dll
0x00007ffe53de0000 - 0x00007ffe54012000 	C:\WINDOWS\SYSTEM32\DBGHELP.DLL
0x00007ffe576f0000 - 0x00007ffe57a81000 	C:\WINDOWS\System32\combase.dll
0x00007ffe58970000 - 0x00007ffe58a47000 	C:\WINDOWS\System32\OLEAUT32.dll
0x00007ffe4c290000 - 0x00007ffe4c2c2000 	C:\WINDOWS\SYSTEM32\dbgcore.DLL
0x00007ffe56650000 - 0x00007ffe566cb000 	C:\WINDOWS\System32\bcryptPrimitives.dll
0x00007ffe4c720000 - 0x00007ffe4c72f000 	c:\Users\ASUS\.vscode\extensions\redhat.java-1.39.0-win32-x64\jre\21.0.5-win32-x86_64\bin\instrument.dll
0x00007ffe49fe0000 - 0x00007ffe49fff000 	c:\Users\ASUS\.vscode\extensions\redhat.java-1.39.0-win32-x64\jre\21.0.5-win32-x86_64\bin\java.dll
0x00007ffe58080000 - 0x00007ffe588f9000 	C:\WINDOWS\System32\SHELL32.dll
0x00007ffe544f0000 - 0x00007ffe54df9000 	C:\WINDOWS\SYSTEM32\windows.storage.dll
0x00007ffe543b0000 - 0x00007ffe544ef000 	C:\WINDOWS\SYSTEM32\wintypes.dll
0x00007ffe58f90000 - 0x00007ffe5908a000 	C:\WINDOWS\System32\SHCORE.dll
0x00007ffe57e00000 - 0x00007ffe57e5e000 	C:\WINDOWS\System32\shlwapi.dll
0x00007ffe564e0000 - 0x00007ffe5650b000 	C:\WINDOWS\SYSTEM32\profapi.dll
0x00007ffe41f60000 - 0x00007ffe41f78000 	c:\Users\ASUS\.vscode\extensions\redhat.java-1.39.0-win32-x64\jre\21.0.5-win32-x86_64\bin\zip.dll
0x00007ffe4a4e0000 - 0x00007ffe4a4f0000 	C:\Users\ASUS\.vscode\extensions\redhat.java-1.39.0-win32-x64\jre\21.0.5-win32-x86_64\bin\net.dll
0x00007ffe4fd20000 - 0x00007ffe4fe56000 	C:\WINDOWS\SYSTEM32\WINHTTP.dll
0x00007ffe55a70000 - 0x00007ffe55ad9000 	C:\WINDOWS\system32\mswsock.dll
0x00007ffe387f0000 - 0x00007ffe38806000 	C:\Users\ASUS\.vscode\extensions\redhat.java-1.39.0-win32-x64\jre\21.0.5-win32-x86_64\bin\nio.dll
0x00007ffe4a160000 - 0x00007ffe4a170000 	c:\Users\ASUS\.vscode\extensions\redhat.java-1.39.0-win32-x64\jre\21.0.5-win32-x86_64\bin\verify.dll
0x00007ffe385d0000 - 0x00007ffe38615000 	C:\Users\ASUS\AppData\Roaming\Code\User\globalStorage\redhat.java\1.39.0\config_ss_win\org.eclipse.equinox.launcher\org.eclipse.equinox.launcher.win32.win32.x86_64_1.2.1100.v20240722-2106\eclipse_11904.dll
0x00007ffe57a90000 - 0x00007ffe57c35000 	C:\WINDOWS\System32\ole32.dll
0x00007ffe55cc0000 - 0x00007ffe55cdb000 	C:\WINDOWS\SYSTEM32\CRYPTSP.dll
0x00007ffe55550000 - 0x00007ffe55585000 	C:\WINDOWS\system32\rsaenh.dll
0x00007ffe55b60000 - 0x00007ffe55b88000 	C:\WINDOWS\SYSTEM32\USERENV.dll
0x00007ffe55ce0000 - 0x00007ffe55cec000 	C:\WINDOWS\SYSTEM32\CRYPTBASE.dll
0x00007ffe550a0000 - 0x00007ffe550cd000 	C:\WINDOWS\SYSTEM32\IPHLPAPI.DLL
0x00007ffe58a50000 - 0x00007ffe58a59000 	C:\WINDOWS\System32\NSI.dll
0x00007ffe07050000 - 0x00007ffe07099000 	C:\Users\ASUS\AppData\Local\Temp\jna-2018896\jna14685869792809158540.dll
0x00007ffe592a0000 - 0x00007ffe592a8000 	C:\WINDOWS\System32\PSAPI.DLL
0x00007ffe52450000 - 0x00007ffe52469000 	C:\WINDOWS\SYSTEM32\dhcpcsvc6.DLL
0x00007ffe4fc50000 - 0x00007ffe4fc6f000 	C:\WINDOWS\SYSTEM32\dhcpcsvc.DLL

dbghelp: loaded successfully - version: 4.0.5 - missing functions: none
symbol engine: initialized successfully - sym options: 0x614 - pdb path: .;c:\Users\ASUS\.vscode\extensions\redhat.java-1.39.0-win32-x64\jre\21.0.5-win32-x86_64\bin;C:\WINDOWS\SYSTEM32;C:\Program Files\AVG\Antivirus;C:\WINDOWS\WinSxS\amd64_microsoft.windows.common-controls_6595b64144ccf1df_6.0.22621.4541_none_2710d1c57384c085;c:\Users\ASUS\.vscode\extensions\redhat.java-1.39.0-win32-x64\jre\21.0.5-win32-x86_64\bin\server;C:\Users\ASUS\AppData\Roaming\Code\User\globalStorage\redhat.java\1.39.0\config_ss_win\org.eclipse.equinox.launcher\org.eclipse.equinox.launcher.win32.win32.x86_64_1.2.1100.v20240722-2106;C:\Users\ASUS\AppData\Local\Temp\jna-2018896

VM Arguments:
jvm_args: --add-modules=ALL-SYSTEM --add-opens=java.base/java.util=ALL-UNNAMED --add-opens=java.base/java.lang=ALL-UNNAMED --add-opens=java.base/sun.nio.fs=ALL-UNNAMED -Declipse.application=org.eclipse.jdt.ls.core.id1 -Dosgi.bundles.defaultStartLevel=4 -Declipse.product=org.eclipse.jdt.ls.core.product -Djava.import.generatesMetadataFilesAtProjectRoot=false -DDetectVMInstallationsJob.disabled=true -Dfile.encoding=utf8 -XX:+UseParallelGC -XX:GCTimeRatio=4 -XX:AdaptiveSizePolicyWeight=90 -Dsun.zip.disableMemoryMapping=true -Xmx1G -Xms100m -Xlog:disable -javaagent:c:\Users\ASUS\.vscode\extensions\redhat.java-1.39.0-win32-x64\lombok\lombok-1.18.34.jar 
java_command: c:\Users\ASUS\.vscode\extensions\redhat.java-1.39.0-win32-x64\server\plugins\org.eclipse.equinox.launcher_1.6.900.v20240613-2009.jar -configuration c:\Users\ASUS\AppData\Roaming\Code\User\globalStorage\redhat.java\1.39.0\config_ss_win -data c:\Users\ASUS\AppData\Roaming\Code\User\workspaceStorage\e145fc9c2b1e3264ddaf13c9f8be6208\redhat.java\ss_ws --pipe=\\.\pipe\lsp-e439c98872993ac584b6985c5f96754b-sock
java_class_path (initial): c:\Users\ASUS\.vscode\extensions\redhat.java-1.39.0-win32-x64\server\plugins\org.eclipse.equinox.launcher_1.6.900.v20240613-2009.jar
Launcher Type: SUN_STANDARD

[Global flags]
    uintx AdaptiveSizePolicyWeight                 = 90                                        {product} {command line}
     intx CICompilerCount                          = 3                                         {product} {ergonomic}
    uintx GCTimeRatio                              = 4                                         {product} {command line}
   size_t InitialHeapSize                          = 104857600                                 {product} {command line}
   size_t MaxHeapSize                              = 1073741824                                {product} {command line}
   size_t MaxNewSize                               = 357564416                                 {product} {ergonomic}
   size_t MinHeapDeltaBytes                        = 524288                                    {product} {ergonomic}
   size_t MinHeapSize                              = 104857600                                 {product} {command line}
   size_t NewSize                                  = 34603008                                  {product} {ergonomic}
    uintx NonNMethodCodeHeapSize                   = 5832780                                {pd product} {ergonomic}
    uintx NonProfiledCodeHeapSize                  = 122912730                              {pd product} {ergonomic}
   size_t OldSize                                  = 70254592                                  {product} {ergonomic}
    uintx ProfiledCodeHeapSize                     = 122912730                              {pd product} {ergonomic}
    uintx ReservedCodeCacheSize                    = 251658240                              {pd product} {ergonomic}
     bool SegmentedCodeCache                       = true                                      {product} {ergonomic}
   size_t SoftMaxHeapSize                          = 1073741824                             {manageable} {ergonomic}
     bool UseCompressedOops                        = true                           {product lp64_product} {ergonomic}
     bool UseLargePagesIndividualAllocation        = false                                  {pd product} {ergonomic}
     bool UseParallelGC                            = true                                      {product} {command line}

Logging:
Log output configuration:
 #0: stdout all=off uptime,level,tags foldmultilines=false
 #1: stderr all=off uptime,level,tags foldmultilines=false

Environment Variables:
JAVA_HOME=C:\Program Files\Java\jdk-17
PATH=C:\Program Files\Python313\Scripts\;C:\Program Files\Python313\;C:\Program Files\Git\cmd;C:\Program Files\Git\mingw64\etc\ssl\certs;C:\Program Files\Common Files\Oracle\Java\javapath;C:\Program Files (x86)\Common Files\Oracle\Java\java8path;C:\Program Files (x86)\Common Files\Oracle\Java\javapath;C:\ProgramData\Oracle\Java\javapath;C:\WINDOWS\system32;C:\WINDOWS;C:\WINDOWS\System32\Wbem;C:\WINDOWS\System32\WindowsPowerShell\v1.0\;C:\WINDOWS\System32\OpenSSH\;C:\Program Files\Cloudflare\Cloudflare WARP\;C:\Program Files\Microsoft SQL Server\Client SDK\ODBC\170\Tools\Binn\;C:\Program Files (x86)\Microsoft SQL Server\150\Tools\Binn\;C:\Program Files\Microsoft SQL Server\150\Tools\Binn\;C:\Program Files\Microsoft SQL Server\150\DTS\Binn\;C:\Program Files (x86)\Microsoft SQL Server\160\DTS\Binn\;C:\Program Files\Azure Data Studio\bin;C:\Program Files\nodejs\;C:\Program Files\Java\jdk-17\bin;C:\Program Files\Maven\apache-maven-3.9.9\bin;C:\Users\ASUS\AppData\Roaming\Python\Python313\Scripts;C:\Users\ASUS\AppData\Local\Programs\Python\Launcher\;C:\Program Files\Git\cmd;C:\Program Files\Git\mingw64\etc\ssl\certs;C:\Users\ASUS\AppData\Local\Microsoft\WindowsApps;C:\Users\ASUS\AppData\Local\Programs\Microsoft VS Code\bin;C:\Program Files\Azure Data Studio\bin;C:\Users\ASUS\AppData\Roaming\npm;C:\Users\ASUS\AppData\Local\GitHubDesktop\bin;
USERNAME=ASUS
OS=Windows_NT
PROCESSOR_IDENTIFIER=AMD64 Family 23 Model 24 Stepping 1, AuthenticAMD
TMP=C:\Users\ASUS\AppData\Local\Temp
TEMP=C:\Users\ASUS\AppData\Local\Temp




Periodic native trim disabled

---------------  S Y S T E M  ---------------

OS:
 Windows 11 , 64 bit Build 22621 (10.0.22621.4391)
OS uptime: 6 days 13:25 hours

CPU: total 4 (initial active 4) (4 cores per cpu, 2 threads per core) family 23 model 24 stepping 1 microcode 0x0, cx8, cmov, fxsr, ht, mmx, 3dnowpref, sse, sse2, sse3, ssse3, sse4a, sse4.1, sse4.2, popcnt, lzcnt, tsc, tscinvbit, avx, avx2, aes, clmul, bmi1, bmi2, adx, sha, fma, vzeroupper, clflush, clflushopt, rdtscp, f16c
Processor Information for all 4 processors :
  Max Mhz: 2600, Current Mhz: 2600, Mhz Limit: 2600

Memory: 4k page, system-wide physical 3533M (75M free)
TotalPageFile size 14285M (AvailPageFile size 9M)
current process WorkingSet (physical memory assigned to process): 200M, peak: 203M
current process commit charge ("private bytes"): 282M, peak: 290M

vm_info: OpenJDK 64-Bit Server VM (21.0.5+11-LTS) for windows-amd64 JRE (21.0.5+11-LTS), built on 2024-10-15T00:00:00Z by "admin" with MS VC++ 17.7 (VS2022)

END.
